<?xml version="1.0" encoding="UTF-8"?>
<!-- Generated by org.testng.reporters.JUnitReportReporter -->
<testsuite hostname="Fernandos-MacBook-Pro.local" failures="0" tests="2" name="selenium.testng.basictests.TestCase1" time="0.029" errors="0" timestamp="2021-01-26T18:27:51 CST" skipped="0">
  <testcase classname="selenium.testng.basictests.TestCase1" name="m1" time="0.025"/>
  <system-out/>
  <testcase classname="selenium.testng.basictests.TestCase1" name="m2" time="0.004"/>
  <system-out/>
</testsuite> <!-- selenium.testng.basictests.TestCase1 -->
