<?xml version="1.0" encoding="UTF-8"?>
<!-- Generated by org.testng.reporters.JUnitReportReporter -->
<testsuite hostname="Fernandos-MacBook-Pro.local" failures="0" tests="1" name="selenium.testng.basictests.ReturnedPaymentTest" time="0.001" errors="0" timestamp="2021-01-26T20:53:05 CST" skipped="0">
  <testcase classname="selenium.testng.basictests.ReturnedPaymentTest" name="paymentReturnedByBank" time="0.001"/>
  <system-out/>
</testsuite> <!-- selenium.testng.basictests.ReturnedPaymentTest -->
