<?xml version="1.0" encoding="UTF-8"?>
<!-- Generated by org.testng.reporters.JUnitReportReporter -->
<testsuite hostname="Fernandos-MacBook-Pro.local" failures="0" tests="1" name="selenium.testng.assertions.AssertLogin" time="8.806" errors="0" timestamp="2021-02-02T17:29:48 CST" skipped="0">
  <testcase classname="selenium.testng.assertions.AssertLogin" name="loginTest" time="8.806"/>
  <system-out/>
</testsuite> <!-- selenium.testng.assertions.AssertLogin -->
