<?xml version="1.0" encoding="UTF-8"?>
<!-- Generated by org.testng.reporters.JUnitReportReporter -->
<testsuite hostname="Fernandos-MacBook-Pro.local" failures="0" tests="2" name="selenium.testng.basictests.PaymentTest" time="0.007" errors="0" timestamp="2021-01-26T20:53:05 CST" skipped="0">
  <testcase classname="selenium.testng.basictests.PaymentTest" name="paymentInDollars" time="0.005"/>
  <system-out/>
  <testcase classname="selenium.testng.basictests.PaymentTest" name="paymentInPesos" time="0.002"/>
  <system-out/>
</testsuite> <!-- selenium.testng.basictests.PaymentTest -->
