<?xml version="1.0" encoding="UTF-8"?>
<!-- Generated by org.testng.reporters.JUnitReportReporter -->
<testsuite hostname="Fernandos-MacBook-Pro.local" failures="0" tests="3" name="selenium.testng.basictests.LoginTest" time="0.033" errors="0" timestamp="2021-01-26T20:53:05 CST" skipped="0">
  <testcase classname="selenium.testng.basictests.LoginTest" name="loginByTwitter" time="0.004"/>
  <system-out/>
  <testcase classname="selenium.testng.basictests.LoginTest" name="loginByFacebook" time="0.003"/>
  <system-out/>
  <testcase classname="selenium.testng.basictests.LoginTest" name="loginByEmail" time="0.026"/>
  <system-out/>
</testsuite> <!-- selenium.testng.basictests.LoginTest -->
