<?xml version="1.0" encoding="UTF-8"?>
<!-- Generated by org.testng.reporters.JUnitReportReporter -->
<testsuite hostname="Fernandos-MacBook-Pro.local" failures="0" tests="1" name="selenium.pageobjectmodel.RegistrationTest" time="9.989" errors="0" timestamp="2021-01-26T13:49:29 CST" skipped="0">
  <testcase classname="selenium.pageobjectmodel.RegistrationTest" name="verifyUserRegistration" time="9.989"/>
  <system-out/>
</testsuite> <!-- selenium.pageobjectmodel.RegistrationTest -->
