<?xml version="1.0" encoding="UTF-8"?>
<!-- Generated by org.testng.reporters.JUnitReportReporter -->
<testsuite hostname="Fernandos-MacBook-Pro.local" failures="0" tests="3" name="selenium.testng.basictests.SignupTest" time="0.027" errors="0" timestamp="2021-01-26T20:53:05 CST" skipped="0">
  <testcase classname="selenium.testng.basictests.SignupTest" name="signupByTwitter" time="0.009"/>
  <system-out/>
  <testcase classname="selenium.testng.basictests.SignupTest" name="signupByEmail" time="0.003"/>
  <system-out/>
  <testcase classname="selenium.testng.basictests.SignupTest" name="signupByFacebook" time="0.015"/>
  <system-out/>
</testsuite> <!-- selenium.testng.basictests.SignupTest -->
