<?xml version="1.0" encoding="UTF-8"?>
<!-- Generated by org.testng.reporters.JUnitReportReporter -->
<testsuite hostname="Fernandos-MacBook-Pro.local" failures="0" tests="1" name="selenium.extentreports.basic.GenerateSampleReport" time="6.341" errors="0" timestamp="2021-01-27T13:20:48 CST" skipped="0">
  <testcase classname="selenium.extentreports.basic.GenerateSampleReport" name="extentTest" time="6.341"/>
  <system-out/>
</testsuite> <!-- selenium.extentreports.basic.GenerateSampleReport -->
